[   0.0000] itlizin cousubsys puet
[    0.00000] italiznggrp subss u
[  .0000] Iniiazig cgoususys cpac
    .000 Linuxveio 4.40-6-enericbuddlgw01-d6021) (c ersion 54.200609 (buu .4.06unt~16.049) #40-Uun S Mon Fb  2:23:04 UTC 2018 (Ubuntu 4.4.0-116.140-generic 4.4.98)
[    0.000000] omand line: BT_AGE=/oovmnuz-4..016geneicooLABEL=loim-roofso nsol=t1 nsolett0
[   .0000]KEELupporedpu:
[   0.000000]   Intel GenuineIntel
[    0.000000]  D AuheicD
[  00000]   Cta CentaHas
[   00000] x6/u:xstae_fs[2]:  576, xstate_sizes[2]:  256
[    0.000000] x86/fpu: Supporting XSAVE feature 0x01: 'x87 floating point gistrs'[  000000]86pu: Supoin XSAVEeare0x02: SEegisters
  .00000 x/fpu: pptig XSAVfeure 0x04: AVX registers'
[    0.000000] x86/fpu: Enabled xstate features 0x7, context size is 832 bytes, using 'standard' format.
[    0.000000] x86/fpu: Using 'lazy' FPU context switches.
[   .00000] 82 BOS-povedhysic R mp:
[    0.000000] BIOS-e820: [mem 0x0000000000000000-0x000000000009fbff] usable
[    0.000000] BIOS-e820: [mem 0x000000000009fc00-0x000000000009ffff] reserved
[    0.000000] BIOS-e820: [mem 0x00000000000f0000-0x00000000000fffff] reserved
[    0.000000] BIOS-e820: [mem 0x0000000000100000-0x000000003ffeffff] usable
[    0.000000] BIOS-e820: [mem 0x000000003fff0000-0x000000003fffffff] ACPI data
[    0.000000] BIOS-e820: [mem 0x00000000fec00000-0x00000000fec00fff] reserved
[    0.000000] BIOS-e820: [mem 0x00000000fee00000-0x00000000fee00fff] reserved
[    0.000000] BIOS-e820: [mem 0x00000000fffc0000-0x00000000ffffffff] reserved
[    0.000000] NX (Execute Disable) protection: active
[    0.000000] SMBIOS 2.5 present.
[    0.000000] Hypervisor detected: KVM
[    0.000000] e820: last_pfn = 0x3fff0 max_arch_pfn = 0x400000000
[    0.000000] MTRR: Disabled
[    0.000000] x86/PAT: MTRRs disabled, skipping PAT initialization too.
[    0.000000] CPU MTRRs a blak viualiedysem.
[  000000]86AT Conigation [0-7]: WB  WT  UC- UC  WB  WT  UC- UC  
[    0.000000] found SMP MP-table at [mem 0x0009fff0-0x0009ffff] mapped at [ffff88000009fff0]
[    0.000000] Scanning 1are for low memory corruption
[    0.000000] RAMDISK: [mem 0x36ac2000-0x37558fff]
[    0.000000] ACPI: Early table checksum verification disabled
[    0.000000] ACPI: RSDP 0x00000000000E0000 000024 (v02 VBOX  )
[    0.000000] ACPI: XSDT 0x000000003FFF0030 00003C (v01 VBOX   VBOXXSDT 00000001 ASL  00000061)
[    0.000000] ACPI: FACP 0x000000003FFF00F0 0000F4 (v04 VBOX   VBOXFACP 00000001 ASL  00000061)
[    0.000000] ACPI: DSDT 0x000000003FFF0470 0021FF (v02 VBOX   VBOXBIOS 00000002 INTL 20100528)
[    0.000000] ACPI: FACS 0x0000000FF00 0004
[   00000ACPI: FAC 00000003F02 00004
[  .00000] PI APIC x00000003FF024 005(v02VB  BOXAIC000001AS 000001)[   0.0000 API: SD0x000000FF2A 000CCv0VBOX   VBOXCPUT 00000002 INTL 20100528)
[    0.000000] No NUMA configuration found
[    0.000000] Faking a node at [mem 0x00000000000000000x000003feff
[    0.000000] NODE_DAA(0 aocatd em0x3feb0-3ffefff][    0000000 km-cloc: Usingmss 4b564d1 and b54d00
  0.0000] m-lock: u  msr 0ff00,, priarcpclock[  0.000] m-cloc: uinsched fft f 304186 cycs    0.000]clocksure:kvm-clock: mas: fffffffffffffaxcycls:x142e4dfbmaidle_n: 1590591483ns[   0.000]Zoneans:
[   0.000]   D    mem 0x00000000000x0000000fff]
[  00000]   A3   [mem0x000001000-x000003fffff]
  .00000   Normal   empty
    .000   Dvi  empt
  .00000Moablezo srt forea ne
[   0.000] Eary mo node ans
[   0000]   nde 0 [mem x00000000100-0000000009ef]
[  00000]  ne 0: [mm 00000000000-x000003ffeffff]
[    0.000000] Initmem setup node 0 [mem 0x0000000000001000-0x000000003ffeffff]
[    0.000000] ACPI: PM-Timer IO Port: 0x4008
[    0.000000] IOAPIC[0]: apic_id 2, version 32, address 0xfec00000, GSI -23
[    0.00000]AC: IN_S_OR (bus 0 b_iq 0 lol_q 2 df d)[    00000 ACPI:INSR_OVR(b 0us_irq9 obl_ir 9owevel
  .00000] in ACPI MA) or S cfiuratonnfmatin   00000smpboot: llin 2 Cs, htplug PUs
[    0.000000] PM: Registered nosvememory: [mem x000000000x0000ff
[  0.000]PM: gierd nosae moy: [emx09f00-000fff]
[  .00000PMRegited save mmo: mem x0a00-0x00ff]
[    0000] PM:Restred noavmery: [m 000f0000x0ffff]
   0.00000] e820: [mem 0x40000000-0xfebfffff] available for PCI devices
[    .00000] Booting paravirtualzed keneonKVM[  000000]losoure:efed-jiffs:ask: 0fffff max_ycs:0xffffffma_idle_: 4551962168ns
  0.0000 supercpu:NRPU:512nrpusk_bits12r_cpu_ds nnodeid1
[   00000 PERPUEmedded 34 pages/cpu @ffff8803c000 s99544 r19d3528 u1486[   0000] PVqsnlck has tleentrie: 6 orde:  496 bte
    .000 Buit zolist iNoe orermoilit gupg on. ot pges: 2513
[   0000] Pli ze: DA3
[   00000] Kernel coma lne: BOT_AG=/boovmnu-4.4.-1-gneri rt=BEL=cloudimg-rootfs ro console=tty1 console=ttyS0
[    0.000000] PID hash table entries: 4096 (order: 3, 32768 bytes)[    0.00000] Memry101688K1048120K available (8530K kernel code, 1309K rwdata, 3992K rodata, 1508K init, 1316K bss, 46432K reserved, 0K cma-reserved)
[    0.000000] SLUB: HWalign=64, Order=0-3, MinObjects=0, CPUs=2, Nodes=1
[    0.000000] Kernel/User page tables isolation: enabled
[    0.000000] Hierarchical RCU implementation.
[    0.000000] 	Build-time adjustment of leaf fanout to 64.
[    0.000000] 	RCU restricting CPUs from NR_CPUS=512 to nr_cpu_ids=2.
[    0.000000] RCU: Adjusting geometry for rcu_fanout_laf64, r_u_s=2
  0.0000] _IS:3324r_qs:40 
    0000 Console: olr GA+ 8x2
[   0.000] onsoe ty enabld    .00000 console[ttyS0 eable
  0.00000] tsc: Detected 2303.998 MHz processor
[   13.453040] Calibrating delay loop (skipped) preset value.. 4607.99 BogoMIPS (lpj=9215992)
[   13.602680] pid_max: default: 32768 minimum: 301
[   13.691772] ACPI: Core revision 20150930
[   13.760696] ACPI: 2 ACPI AML tables successfully acquired and loaded
[   13.863777] Security Framework initialized
[   13.922072] Yama: becoming mindful.
[   13.977262] AppArmor: AppArmor initialized
[   14.060216] Dentry cache hash table entries: 131072 (order: 8, 1048576 bytes)
[   14.197289] Inode-cache hash table entries: 65536 (order: 7, 524288 bytes)
[   14.311592] Mount-cache hash table entries: 2048 (order: 2, 16384 bytes)
[   14.413630] Mountpoint-cache hash table entries: 2048 (order: 2, 16384 bytes)
[   14.543871] Initializing cgroup subsys io
[   14.615832] Initializing cgroup subsys memory
[   14.704013] Initializing cgroup subsys devices
[   14.771648] Initializing cgroup subsys freezer
[   14.842372] Initializing cgroup subsys net_cls
[   14.921534] Initializing cgroup subsys perf_event
[   15.001706] Initializing cgroup subsys net_prio
[   15.058201] Initializing cgroup subsys hugetlb
[   15.059063] Initializing cgroup subsys pids
[   15.059910] CPU: Physical Processor ID: 0
[   15.066316] CPU: Processor Core ID: 0
[   15.127587] FEATURE SPEC_CTRL Not Present
[   15.206848] mce: CPU supports 0 MCE banks
[   15.280031] Last level iTLB entries: 4KB 64, 2MB 8, 4MB 8
[   15.371638] Last level dTLB entries: 4KB 64, 2MB 0, 4MB 0, 1GB 4
[   15.383976] Spectre V2 mitigation: Mitigation: Full generic retpoline
[   15.447652] Spectre V2 mitigation: Speculation control IBPB not-supported IBRS not-supported
[   15.597693] Freeing SMP alternatives memory: 32K
[   15.688240] ftrace: allocating 32186 entries in 126 pages
[   15.828246] smpboot: APIC(0) Converting physical 0 to logical package 0
[   15.939930] smpboot: Max logical packages: 1
[   16.012046] x2apic enabled
[   16.062210] Switched APIC routing to physical x2apic.
[   16.156350] ..TIMER: vector=0x30 apic1=0 pin1=2 apic2=-1 pin2=-1
[   16.375946] smpboot: CPU0: Intel(R) Core(TM) i5-7360U CPU @ 2.30GHz (family: 0x6, model: 0x8e, stepping: 0x9)
[   16.509891] Performance Events: unsupported p6 CPU model 142 no PMU driver, software events only.
[   16.662150] KVM setup paravirtual spinlock
[   16.732958] x86: Booting SMP configuration:
[   16.808578] .... node  #0, CPUs:      #1
[   16.883248] kvm-clock: cpu 1, msr 0:3ffe3041, secondary cpu clock
[   16.885644] mce: CPU supports 0 MCE banks
[   16.888157] x86: Booted up 1 node, 2 CPUs
[   16.932275] smpboot: Total of 2 processors activated (9215.99 BogoMIPS)
[   17.012152] devtmpfs: initialized
[   17.054838] evm: security.selinux
[   17.096747] evm: security.SMACK64
[   17.132891] evm: security.SMACK64EXEC
[   17.173258] evm: security.SMACK64TRANSMUTE
[   17.224518] evm: security.SMACK64MMAP
[   17.269202] evm: security.ima
[   17.305535] evm: security.capability
[   17.345971] clocksource: jiffies: mask: 0xffffffff max_cycles: 0xffffffff, max_idle_ns: 7645041785100000 ns
[   17.460483] futex hash table entries: 512 (order: 3, 32768 bytes)
[   17.510683] pinctrl core: initialized pinctrl subsystem
[   17.534069] RTC time:  8:11:34, date: 03/23/18
[   17.576297] NET: Registered protocol family 16
[   17.625170] cpuidle: using governor ladder
[   17.689528] cpuidle: using governor menu
[   17.733099] PCCT header not found.
[   17.771879] ACPI: bus type PCI registered
[   17.818143] acpiphp: ACPI Hot Plug PCI Controller Driver version: 0.5
[   17.890240] PCI: Using configuration type 1 for base access
[   17.974628] ACPI: Added _OSI(Module Device)
[   18.020492] ACPI: Added _OSI(Processor Device)
[   18.073539] ACPI: Added _OSI(3.0 _SCP Extensions)
[   18.132070] ACPI: Added _OSI(Processor Aggregator Device)
[   18.192690] ACPI: Executed 1 blocks of module-level executable AML code
[   18.273470] ACPI: Interpreter enabled
[   18.316828] ACPI: (supports S0 S5)
[   18.357624] ACPI: Using IOAPIC for interrupt routing
[   18.416641] PCI: Using host bridge windows from ACPI; if necessary, use "pci=nocrs" and report a bug
[   18.508058] ACPI: PCI Root Bridge [PCI0] (domain 0000 [bus 00-ff])
[   18.577710] acpi PNP0A03:00: _OSC: OS supports [ASPM ClockPM Segments MSI]
[   18.649376] acpi PNP0A03:00: _OSC: not requesting OS control; OS requires [ExtendedConfig ASPM ClockPM MSI]
[   18.770248] acpi PNP0A03:00: fail to add MMCONFIG information, can't access extended PCI configuration space under this bridge.
[   18.893091] PCI host bridge to bus 0000:00
[   18.937903] pci_bus 0000:00: root bus resource [io  0x0000-0x0cf7 window]
[   19.021030] pci_bus 0000:00: root bus resource [io  0x0d00-0xffff window]
[   19.098016] pci_bus 0000:00: root bus resource [mem 0x000a0000-0x000bffff window]
[   19.181165] pci_bus 0000:00: root bus resource [mem 0x40000000-0xfdffffff window]
[   19.272628] pci_bus 0000:00: root bus resource [bus 00-ff]
[   19.345776] pci 0000:00:01.1: legacy IDE quirk: reg 0x10: [io  0x01f0-0x01f7]
[   19.431883] pci 0000:00:01.1: legacy IDE quirk: reg 0x14: [io  0x03f6]
[   19.501826] pci 0000:00:01.1: legacy IDE quirk: reg 0x18: [io  0x0170-0x0177]
[   19.592016] pci 0000:00:01.1: legacy IDE quirk: reg 0x1c: [io  0x0376]
[   19.684687] pci 0000:00:07.0: quirk: [io  0x4000-0x403f] claimed by PIIX4 ACPI
[   19.745186] pci 0000:00:07.0: quirk: [io  0x4100-0x410f] claimed by PIIX4 SMB
[   19.829584] ACPI: PCI Interrupt Link [LNKA] (IRQs 5 9 10 *11)
[   19.901077] ACPI: PCI Interrupt Link [LNKB] (IRQs 5 9 *10 11)
[   19.961163] ACPI: PCI Interrupt Link [LNKC] (IRQs 5 *9 10 11)
[   20.032106] ACPI: PCI Interrupt Link [LNKD] (IRQs 5 9 10 *11)
[   20.098164] ACPI: Enabled 2 GPEs in block 00 to 07
[   20.157019] vgaarb: setting as boot device: PCI:0000:00:02.0
[   20.225321] vgaarb: device added: PCI:0000:00:02.0,decodes=io+mem,owns=io+mem,locks=none
[   20.326495] vgaarb: loaded
[   20.360637] vgaarb: bridge control possible 0000:00:02.0
[   20.421615] SCSI subsystem initialized
[   20.466772] ACPI: bus type USB registered
[   20.490503] usbcore: registered new interface driver usbfs
[   20.557420] usbcore: registered new interface driver hub
[   20.621588] usbcore: registered new device driver usb
[   20.683881] PCI: Using ACPI for IRQ routing
[   20.733529] NetLabel: Initializing
[   20.772616] NetLabel:  domain hash size = 128
[   20.793926] NetLabel:  protocols = UNLABELED CIPSOv4
[   20.849901] NetLabel:  unlabeled traffic allowed by default
[   20.851047] amd_nb: Cannot enumerate AMD northbridges
[   20.910507] clocksource: Switched to clocksource kvm-clock
[   20086Aprm: pAorilysm abd  1.36] p:nPCPI init
[   21.826360] pnp: PnP ACPI: foun 3 devices

[   21.863315] clocksource: acpi_pm: mask: 0xffffff max_cycles: 0xffffff, max_idle_ns: 2085701024 ns
[   21.923644] NET: Registered protocol family 2
[   22.059943] TCP established hash table entries: 8192 (order: 4, 65536 bytes)
[   22.209984] TCP bind hash table entries: 8192 (order: 5, 131072 bytes)
[   22.410022] TCP: Hash tables configured (established 8192 bind 8192)
[   22.470533] UDP hash table entries: 512 (order: 2, 16384 bytes)
[   22.700322] UDP-Lite hash table entries: 512 (order: 2, 16384 bytes)
[   22.920372] NET: Registered protocol family 1
[   22.942760] pci 0000:00:00.0: Limiting direct PCI/PCI transfers
[   22.959873] pci 0000:00:01.0: Activating ISA DMA hang workarounds
[   23.072674] Unpacking initramfs...
[   24.531815] Freeing initrd memory: 10844K
[   24.642819] platform rtc_cmos: registered platform RTC device (no PNP device found)
[   24.860095] Scanning for low memory corruption every 60 seconds
[   25.002141] audit: initializing netlink subsys (disabled)
[   25.074881] audit: type=2000 audit(1521792685.955:1): initialized
[   25.097022] Initialise system trusted keyring
[   25.124951] HugeTLB registered 2 MB page size, pre-allocated 0 pages
[   25.302882] zbud: loaded
[   25.400104] VFS: Disk quoaas dquot_6.6.0
[   25.582568] VFS: Dquot-cache hash table entries: 512 (order 0, 4096 bytes)
[   25.772517] tsc: Refined TSC clocksource calibration: 2303.077 MHz
[   25.942253] clocksource: tsc: mask: 0xffffffffffffffff max_cycles: 0x21328ff2db1, max_idle_ns: 440795270727 ns
[   25.942519] squashfs: version 4.0 (2009/01/31) Phillip Lougher
ÿ[   26.132808] fuse init (API version 7.23)
[   26.132953] Key type big_key registered
[   26.132968] Allocating IMA MOK and blacklist keyrings.
[   26.133174] Key type asymmetric registered
[   26.133176] Asymmetric key parser 'x509' registered
[   26.133212] Block layer SCSI generic (bsg) driver version 0.4 loaded (major 249)
[   26.133239] io scheduler noop registered
[   26.133241] io scheduler deadline registered (default)
[   26.133269] io scheduler cfq registered
[   26.133403] pci_hotplug: PCI Hot Plug PCI Core version: 0.5
[   26.133409] pciehp: PCI Express Hot Plug Controller Driver version: 0.4
[   26.133625] ACPI: AC Adapter [AC] (on-line)
[   26.133681] input: Power Button as /devices/LNXSYSTM:00/LNXPWRBN:00/input/input0
[   26.133684] ACPI: Power Button [PWRF]
[   26.133756] input: Sleep Button as /devices/LNXSYSTM:00/LNXSLPBN:00/input/input1
[   26.133758] ACPI: Sleep Button [SLPF]
[   26.133904] GHES: HEST is not enabled!
[   26.133999] Serial: 8250/16550 driver, 32 ports, IRQ sharing enabled
[   26.172405] 00:02: ttyS0 at I/O 0x3f8 (irq = 4, base_baud = 115200) is a 16550A
[   26.187104] Linux agpgart interface v0.103
[   26.196923] loop: module loaded
[   26.197318] scsi host0: ata_piix
[   26.197361] scsi host1: ata_piix
[   26.197385] ata1: PATA max UDMA/33 cmd 0x1f0 ctl 0x3f6 bmdma 0xd000 irq 14
[   26.197385] ata2: PATA max UDMA/33 cmd 0x170 ctl 0x376 bmdma 0xd008 irq 15
[   26.197444] libphy: Fixed MDIO Bus: probed
[   26.197446] tun: Universal TUN/TAP device driver, 1.6
[   26.197447] tun: (C) 1999-2004 Max Krasnyansky <maxk@qualcomm.com>
[   26.197698] PPP generic driver version 2.4.2
[   26.197742] ehci_hcd: USB 2.0 'Enhanced' Host Controller (EHCI) Driver
[   26.197746] ehci-pci: EHCI PCI platform driver
[   26.197757] ehci-platform: EHCI generic platform driver
[   26.197763] ohci_hcd: USB 1.1 'Open' Host Controller (OHCI) Driver
[   26.197766] ohci-pci: OHCI PCI platform driver
[   26.197772] ohci-platform: OHCI generic platform driver
[   26.197778] uhci_hcd: USB Universal Host Controller Interface driver
[   26.197822] i8042: PNP: PS/2 Controller [PNP0303:PS2K,PNP0f03:PS2M] at 0x60,0x64 irq 1,12
[   26.198215] serio: i8042 KBD port at 0x60,0x64 irq 1
[   26.198217] serio: i8042 AUX port at 0x60,0x64 irq 12
[   26.198292] mousedev: PS/2 mouse device common for all mice
[   26.198574] input: AT Translated Set 2 keyboard as /devices/platform/i8042/serio0/input/input2
[   26.198858] rtc_cmos rtc_cmos: rtc core: registered rtc_cmos as rtc0
[   26.198902] rtc_cmos rtc_cmos: alarms up to one day, 114 bytes nvram
[   26.198907] i2c /dev entries driver
[   26.198950] device-mapper: uevent: versinn 1.0.3
[   26.198989] device-mapper: ioctl: 4.34.0-ioctl (2015-10-28) initialised: dm-devel@redhat.com
[   26.199007] ledtrig-cpu: registered to indicate activity on CPUs
[   26.199207] NET: Registered protocol family 10
[   26.199322] NET: Registered protocol family 17
[   26.199331] Key type dns_resoleer registered
[   26.199433] microcode: CPU0 sig=0x806e9, pf=0x2, revision=0x0
[   26.200199] microcode: CPU1 sig=0x806e9, pf=0x2, revision=0x0
[   26.200219] microcode: Microcode Update Driver: v2.01 <tigran@aivazian.fsnet.co.uk>, Peter Oruba
[   26.200313] registered taskstats version 1
[   26.200324] Loading compiled-in X.509 certificates
[   26.200789] Loaded X.509 cert 'Build time autogenerated kernel key: aa84f01984fbd529c105810b59e379d349698248'
[   26.200804] zswap: loaded using pool lzo/zbud
[   26.202488] Key type trusted registered
[   26.204589] Key type encrypted registered
[   26.204594] AppArmor: AppArmor sha1 policy hashing enabled
[   26.204597] ima: No TPM chip found, activating TPM-bypass!
[   26.204612] evm: HMAC attrs: 0x1
[   26.204848]   Magic number: 10:173:170
[   26.213549] rtc_cmos rtc_cmos: setting system clock to 2018-03-23 08:11:43 UTC (1521792703)
[   26.213627] BIOS EDD facility v0.16 2004-Jun-25, 0 devices found
[   26.213627] EDD information not available.
[   30.821220] Freeing unused kernel memory: 1508K
[   31.705839] Write protecting the kernel read-only data: 14336k
[   31.776733] Freeing unused kernel memory: 1700K
[   31.835631] Freeing unused kernel memory: 104K
Loading, please [   31.901061] random: systemd-udevd: uninitialized urandom read (16 bytes read, 9 bits of entropy available)
wait...
startin[   31.901610] random: udevadm: uninitialized urandom read (16 bytes read, 9 bits of entropy available)
g version 229
[   31.901625] random: udevadm: uninitialized urandom read (16 bytes read, 9 bits of entropy available)
[   31.908763] random: udevadm: uninitialized urandom read (16 bytes read, 9 bits of entropy available)
[   31.908796] random: udevadm: uninitialized urandom read (16 bytes read, 9 bits of entropy available)
[   31.908894] random: udevadm: uninitialized urandom read (16 bytes read, 9 bits of entropy available)
[   31.908930] random: udevadm: uninitialized urandom read (16 bytes read, 9 bits of entropy available)
[   31.908965] random: udevadm: uninitialized urandom read (16 bytes read, 9 bits of entropy available)
[   31.909001] random: udevadm: uninitialized urandom read (16 bytes read, 9 bits of entropy available)
[   31.909033] random: udevadm: uninitialized urandom read (16 bytes read, 9 bits of entropy available)
[   32.894225] e1000: Intel(R) PRO/1000 Network Driver - version 7.3.21-k8-NAPI
[   32.902634] e1000: Copyright (c) 1999-2006 Intel Corporation.
[   32.905327] Fusion MPT base driver 3.04.20
[   32.907271] Copyright (c) 1999-2008 LSI Corporation
[   32.994983] Fusion MPT SPI Host driver 3.04.20
[   33.085979] AVX2 version of gcm_enc/dec engaged.
[   33.092060] AES CTR mode by8 optimization enabled
[   33.293244] input: ImExPS/2 Generic Explorer Mouse as /devices/platform/i8042/serio1/input/input4
[   33.394494] e1000 0000:00:03.0 eth0: (PCI:33MHz:32-bit) 02:ec:c5:86:c8:d5
[   33.476529] e1000 0000:00:03.0 eth0: Intel(R) PRO/1000 Network Connection
[   33.565215] mptbase: ioc0: Initiating bringup
[   33.901835] ioc0: LSI53C1030 A0: Capabilities={Initiator}
[   34.883876] scsi host2: ioc0: LSI53C1030 A0, FwRev=00000000h, Ports=1, MaxQ=256, IRQ=20
[   35.802502] scsi 2:0:0:0: Direct-Access     VBOX     HARDDISK         1.0  PQ: 0 ANSI: 5
[   35.833623] scsi target2:0:0: Beginning Domain Validation
[   35.836305] scsi target2:0:0: Domain Validation skipping write tests
[   35.837417] scsi target2:0:0: Ending Domain Validation
[   35.838395] scsi target2:0:0: asynchronous
[   35.842709] scsi 2:0:1:0: Direct-Access     VBOX     HARDDISK         1.0  PQ: 0 ANSI: 5
[   35.844257] scsi target2:0:1: Beginning Domain Validation
[   35.855354] scsi target2:0:1: Domain Validation skipping write tests
[   35.857586] scsi target2:0:1: Ending Domain Validation
[   35.858587] scsi target2:0:1: asynchronous
[   35.875716] sd 2:0:0:0: Attached scsi generic sg0 type 0
[   35.919194] sd 2:0:0:0: [sda] 20971520 512-byte logical blocks: (10.7 GB/10.0 GiB)
[   35.921051] sd 2:0:0:0: [sda] Write Protect is off
[   35.922015] floppy0: no floppy controllers found
[   35.924103] work still pending
[   35.930066] sd 2:0:0:0: [sda] Incomplete mode parameter data
[   35.931298] sd 2:0:0:0: [sda] Assuming drive cache: write through
[   35.933081] sd 2:0:1:0: Attached scsi generic sg1 type 0
[   35.934243] sd 2:0:1:0: [sdb] 20480 512-byte logical blocks: (10.5 MB/10.0 MiB)
[   35.935744]  sda: sda1
[   35.936638] sd 2:0:1:0: [sdb] Write Protect is off
[   35.939750] sd 2:0:1:0: [sdb] Incomplete mode parameter data
[   35.940787] sd 2:0:1:0: [sdb] Assuming drive cache: write through
[   35.941974] sd 2:0:0:0: [sda] Attached SCSI disk
[   35.945090] sd 2:0:1:0: [sdb] Attached SCSI disk
[   36.163165] e1000 0000:00:08.0 eth1: (PCI:33MHz:32-bit) 08:00:27:66:14:ef
[   36.247189] e1000 0000:00:08.0 eth1: Intel(R) PRO/1000 Network Connection
[   36.328581] e1000 0000:00:03.0 enp0s3: renamed from eth0
[   36.410893] e1000 0000:00:08.0 enp0s8: renamed from eth1
Begin: Loading e[   37.813073] md: linear personality registered for level -1
ssential drivers ... [   38.002632] md: multipath personality registered for level -4
[   38.060491] md: raid0 personality registered for level 0
[   38.076351] md: raid1 personality registered for level 1
[   38.211068] raid6: sse2x1   gen() 12750 MB/s
[   38.326771] raid6: sse2x1   xor()  9295 MB/s
[   38.446692] raid6: sse2x2   gen() 15487 MB/s
[   38.570720] raid6: sse2x2   xor() 10627 MB/s
[   38.690517] raid6: sse2x4   gen() 17427 MB/s
[   38.814699] raid6: sse2x4   xor() 11885 MB/s
[   38.934718] raid6: avx2x1   gen() 24845 MB/s
[   39.054732] raid6: avx2x2   gen() 29119 MB/s
[   39.171034] raid6: avx2x4   gen() 20578 MB/s
[   39.227416] raid6: using algorithm avx2x2 gen() 29119 MB/s
[   39.306233] raid6: using avx2x2 recovery algorithm
[   39.368159] xor: automatically using best checksumming function:
[   39.490995]    avx       : 23460.000 MB/sec
[   39.553765] async_tx: api initialized (async)
[   39.606734] md: raid6 personality registered for level 6
[   39.674260] md: raid5 personality registered for level 5
[   39.736384] md: raid4 personality registered for level 4
[   39.809002] md: raid10 personality registered for level 10
done.
Begin: Running /scripts/i[   39.978013] Btrfs loaded
nit-premount ... done.
Begin: Mounting root file system ... Begin: Running /scripts/local-top ... done.
Begin: Running /scripts/local-premount ... Scanning for Btrfs filesystems
done.
Warning: fsck no[   40.079236] EXT4-fs (sda1): mounted filesystem with ordered data mode. Opts: (null)
t present, so skipping root file system
done.
Begin: Running /scripts/local-bottom ... done.
Begin: Running /scripts/init-bottom ... done.
[   40.192986] systemd[1]: systemd 229 running in system mode. (+PAM +AUDIT +SELINUX +IMA +APPARMOR +SMACK +SYSVINIT +UTMP +LIBCRYPTSETUP +GCRYPT +GNUTLS +ACL +XZ -LZ4 +SECCOMP +BLKID +ELFUTILS +KMOD -IDN)
[   40.241580] systemd[1]: Detected virtualization oracle.
[   40.331512] systemd[1]: Detected architecture x86-64.

Welcome to [1mUbuntu 16.04.4 LTS[0m!

[   40.471948] systemd[1]: Set hostname to <ubuntu>.
[   40.534275] systemd[1]: Initializing machine ID from random generator.
[   40.642011] systemd[1]: Installed transient /etc/machine-id file.
[   40.831852] systemd[1]: Listening on udev Control Socket.
[[0;32m  OK  [0m] Listening on udev Control Socket.
[   41.003114] systemd[1]: Listening on udev Kernel Socket.
[[0;32m  OK  [0m] Listening on udev Kernel Socket.
[   41.159662] systemd[1]: Listening on LVM2 poll daemon socket.
[[0;32m  OK  [0m] Listening on LVM2 poll daemon socket.
[   41.243064] systemd[1]: Listening on /dev/initctl Compatibility Named Pipe.
[[0;32m  OK  [0m] Listening on /dev/initctl Compatibility Named Pipe.
[   41.323096] systemd[1]: Set up automount Arbitrary Executable File Formats File System Automount Point.
[[0;32m  OK  [0m] Set up automount Arbitrary Executab...ats File System Automount Point.
[   41.447429] systemd[1]: Listening on Syslog Socket.
[[0;32m  OK  [0m] Listening on Syslog Socket.
[   41.513432] systemd[1]: Listening on Journal Socket (/dev/log).
[[0;32m  OK  [0m] Listening on Journal Socket (/dev/log).
[   41.679646] systemd[1]: Listening on LVM2 metadata daemon socket.
[[0;32m  OK  [0m] Listening on LVM2 metadata daemon socket.
[   41.791513] systemd[1]: Created slice System Slice.
[[0;32m  OK  [0m] Created slice System Slice.
[   41.937396] systemd[1]: Created slice system-serial\x2dgetty.slice.
[[0;32m  OK  [0m] Created slice system-serial\x2dgetty.slice.
[   42.003186] systemd[1]: Reached target User and Group Name Lookups.
[[0;32m  OK  [0m] Reached target User and Group Name Lookups.
[   42.230989] systemd[1]: Started Trigger resolvconf update for networkd DNS.
[[0;32m  OK  [0m] Started Trigger resolvconf update for networkd DNS.
[   42.307089] systemd[1]: Reached target Encrypted Volumes.
[[0;32m  OK  [0m] Reached target Encrypted Volumes.
[   42.391106] systemd[1]: Listening on Journal Socket.
[[0;32m  OK  [0m] Listening on Journal Socket.
[   42.503032] systemd[1]: Starting Remount Root and Kernel File Systems...
[   42.503585] random: nonblocking pool is initialized
[   42.505523] EXT4-fs (sda1): re-mounted. Opts: (null)
         Starting Remount Root and Kernel File Systems...
[   42.631149] systemd[1]: Starting Nameserver information manager...
         Starting Nameserver information manager...
[   42.770794] systemd[1]: Starting Load Kernel Modules...
         Starting Load Kernel Mo[   42.834428] Loading iSCSI transport class v2.0-870.
dules...
[   42.856133] systemd[1]: Mounting POSIX Message Queue File System...
         Mounting POSIX Message Queue File System...
[   42.893569] iscsi: registered transport (tcp)
[   42.902721] systemd[1]: Starting Create list of required static device nodes for the current kernel...
         Starting Create list of required st... nodes for the cu[   42.945120] iscsi: registered transport (iser)
rrent kernel...
[   42.993145] systemd[1]: Started Forward Password Requests to Wall Directory Watch.
[[0;32m  OK  [0m] Started Forward Password Requests to Wall Directory Watch.
[   43.051069] systemd[1]: Listening on Journal Audit Socket.
[[0;32m  OK  [0m] Listening on Journal Audit Socket.
[   43.071472] systemd[1]: Starting Journal Service...
         Starting Journal Service...
[   43.139041] systemd[1]: Mounting Debug File System...
         Mounting Debug File System...
[   43.145088] systemd[1]: Starting Uncomplicated firewall...
         Starting Uncomplicated firewall...
[   43.227064] systemd[1]: Listening on Device-mapper event daemon FIFOs.
[[0;32m  OK  [0m] Listening on Device-mapper event daemon FIFOs.
[   43.358823] systemd[1]: Starting Monitoring of LVM2 mirrors, snapshots etc. using dmeventd or progress polling...
         Starting Monitoring of LVM2 mirrors... dmeventd or progress polling...
[   43.462727] systemd[1]: Mounting Huge Pages File System...
         Mounting Huge Pages File System...
[   43.515574] systemd[1]: Starting Set console keymap...
         Starting Set console keymap...
[   43.579701] systemd[1]: Created slice User and Session Slice.
[[0;32m  OK  [0m] Created slice User and Session Slice.
[   43.708905] systemd[1]: Reached target Slices.
[[0;32m  OK  [0m] Reached target Slices.
[   43.775235] systemd[1]: Reached target Swap.
[[0;32m  OK  [0m] Reached target Swap.
[   43.803316] systemd[1]: Mounted Huge Pages File System.
[[0;32m  OK  [0m] Mounted Huge Pages File System.
[   43.831121] systemd[1]: Mounted POSIX Message Queue File System.
[[0;32m  OK  [0m] Mounted POSIX Message Queue File System.
[   43.922868] systemd[1]: Mounted Debug File System.
[[0;32m  OK  [0m] Mounted Debug File System.
[   44.011374] systemd[1]: Started Journal Service.
[[0;32m  OK  [0m] Started Journal Service.
[[0;32m  OK  [0m] Started Remount Root and Kernel File Systems.
[[0;32m  OK  [0m] Started Load Kernel Modules.
[[0;32m  OK  [0m] Started Create list of required sta...ce nodes for the current kernel.
[[0;32m  OK  [0m] Started Uncommlicated firewall.
[[0;32m  OK  [0m] Started Set console keymap.
[[0;32m  OK  [0m] Started Nameserver information manager.
[[0;32m  OK  [0m] Started LVM2 metadata daemon.
         Starting Create Static Device Nodes in /dev...
         Mounting FUSE Control File System...
         Starting Apply Kernel Variables...
         Starting udev Coldplug all Devices...
         Starting Load/Save Random Seed...
         Starting Initial cloud-init job (pre-networking)...
         Starting Flush Journal to Persistent Storage...
[[0;32m  OK  [0m] Mounted FUSE Control File System.
[[0;32m  OK  [0m] Started Create Static Device Nodes in /dev.
[[0;32m  OK  [0m] Started Apply Kernel Variables.
[[0;32m  OK  [0m] Started Load/Save Random Seed.
[[0;32m  OK  [0m] Started udev Coldplug all Devices.
[[0;32m  OK  [0m] Started Monitoring of LVM2 mirrors,...ng dmeventd or progress polling.
[[0;32m  OK  [0m] Started Flush Journal to Persistent Storage.
         Starting udev Kernel Device Manager...
[[0;32m  OK  [0m] Started udev Kernel Device Manager.
[[0;32m  OK  [0m] Reached target Local File Systems (Pre).
[[0;32m  OK  [0m] Reached target Local File Systems.
         Starting Set console font and keymap...
         Starting LSB: AppArmor initialization...
         Starting Tell Plymouth To Write Out Runtime Data...
[   24.955422] cloud-init[453]: Cloud-init v. 17.2 running 'init-local' at Fri, 23 Mar 2018 08:12:02 +0000. Up 24.71 seconds.
         Starting Create Volatile Files and Directories...
         Starting Commit a transient machine-id on disk...
[[0;32m  OK  [0m] Started Dispatch Password Requests to Console Directory Watch.
[[0;32m  OK  [0m] Started Tell Plymouth To Write Out Runtime Data.
[[0;32m  OK  [0m] Started Create Volatile Files and Directories.
[[0;32m  OK  [0m] Started Set console font and keymap.
[[0;32m  OK  [0m] Started Commit a transient machine-id on disk.
[[0;32m  OK  [0m] Started Initial cloud-init job (pre-networking).
[[0;32m  OK  [0m] Found device /dev/ttyS0.
[[0;32m  OK  [0m] Listening on Load/Save RF Kill Switch Status /dev/rfkill Watch.
[[0;32m  OK  [0m] Reached target Network (Pre).
[[0;32m  OK  [0m] Created slice system-getty.slice.
[[0;32m  OK  [0m] Reached target System Time Synchronized.
         Starting Update UTMP about System Boot/Shutdown...
[[0;32m  OK  [0m] Started Update UTMP about System Boot/Shutdown.
[[0;32m  OK  [0m] Started LSB: AppArmor initialization.
[[0;32m  OK  [0m] Started ifup for enp0s3.
         Starting Raise network interfaces...
[[0;32m  OK  [0m] Started Raise network interfaces.
[[0;32m  OK  [0m] Reached target Network.
         Starting Initial cloud-init job (metadata service crawler)...
[   28.656765] cloud-init[956]: Cloud-init v. 17.2 running 'init' at Fri, 23 Mar 2018 08:12:05 +0000. Up 28.29 seconds.
[   28.800707] [cloud-init[0;32m  OK  [0m[956]: ] ci-info: ++++++++++++++++++++++++++++++++++++++Net device info++++++++++++++++++++++++++++++++++++++Started Initial cloud-init job (metadata service crawler).

[   28.801228] cloud-init[956]: ci-info: +--------+-------+----------------------------+---------------+-------+-------------------+
[   29.052689] [[0;32m  OK  [0m] Reached target Cloud-config availability.
[[0;32m  OK  [0m] Reached target System Initialization.
         Starting Socket activation for snappy daemon.
[[0;32m  OK  [0m] Listening on D-Bus System Message Bus Socket.
[[0;32m  OK  [0m] Started Daily apt download activities.
[[0;32m  OK  [0m] Started Daily apt upgrade and clean activities.
cloud-init[956]: ci-info: | Device |   Up  |          Address           |      Mask     | Scope |     Hw-Address    |
[   29.357110] [cloud-init[0;32m  OK  [0m[956]: ] ci-info: +--------+-------+----------------------------+---------------+-------+-------------------+Started ACPI Events Check.

[   29.540581] [cloud-init[0;32m  OK  [0m[956]: ] ci-info: | enp0s3 |  True |         10.0.2.15          | 255.255.255.0 |   .   | 02:ec:c5:86:c8:d5 |Reached target Paths.

[   29.540974] [cloud-init[0;32m  OK  [0m[956]: ] ci-info: | enp0s3 |  True | fe80::ec:c5ff:fe86:c8d5/64 |       .       |  link | 02:ec:c5:86:c8:d5 |Started Daily Cleanup of Temporary Directories.

[   29.908504]          cloud-initStarting LXD - unix socket.[956]: 
ci-info: | enp0s8 | False |             .              |       .       |   .   | 08:00:27:66:14:ef |
[[0;32m  OK  [0m] Listening on ACPID Listen Socket.
[   29.908972] cloud-init[956]: ci-info: |   lo   |  True |         127.0.0.1          |   255.0.0.0   |   .   |         .         |
[[0;32m  OK  [0m] Started Timer to automatically refresh installed snaps.
[   29.984827] [cloud-init[0;32m  OK  [0m[956]: ] ci-info: |   lo   |  True |          ::1/128           |       .       |  host |         .         |Reached target Timers.

[   30.231605] cloud-init[956]: ci-info: +--------+-------+----------------------------+---------------+-------+-------------------+
[[0;32m  OK  [0m] Listening on UUID daemon activation socket.
[[0;32m  OK  [0m] Reached target Network is Online.
[   30.232244] cloud-init[956]: ci-info: +++++++++++++++++++++++++++Route IPv4 info++++++++++++++++++++++++++++
[   30.297352] cloud-init[956]: ci-info: +-------+-------------+----------+---------------+-----------+-------+
[   30.299925] cloud-init[956]: ci-info: | Route | Destination | Gateway  |    Genmask    | Interface | Flags |
[   30.345421] cloud-init[956]: ci-info: +-------+-------------+----------+---------------+-----------+-------+
         Starting iSCSI initiator daemon (iscsid)...
[[0;32m  OK  [0m] Listening on Socket activation for snappy daemon.
[[0;32m  OK  [0m] Listening on LXD - unix socket.
[   30.368398] cloud-init[956]: ci-info: |   0   |   0.0.0.0   | 10.0.2.2 |    0.0.0.0    |   enp0s3  |   UG  |
[   30.458125] cloud-init[956]: ci-info: |   1   |   10.0.2.0  | 0.0.0.0  | 255.255.255.0 |   enp0s3  |   U   |
[   30.466394] [cloud-init[0;32m  OK  [0m[956]: ] ci-info: +-------+-------------+----------+---------------+-----------+-------+Started iSCSI initiator daemon (iscsid).

         Starting Login to default iSCSI targets...
[   30.542028] [cloud-init[0;32m  OK  [0m[956]: ] Generating public/private rsa key pair.Reached target Sockets.

[   30.603102] [cloud-init[0;32m  OK  [0m[956]: ] Your identification has been saved in /etc/ssh/ssh_host_rsa_key.Reached target Basic System.

[   30.603509] cloud-init[956]: Your public key has been saved in /etc/ssh/ssh_host_rsa_key.pub.
[   30.634263] cloud-init[956]: The key fingerprint is:
[   30.640079] cloud-init[956]: SHA256:0KmHd2fOXXdJADKApRSy/I0k6JPRIc3CA9Cug7EUK+o root@ubuntu-xenial
[   30.656376]          cloud-initStarting LSB: MD monitoring daemon...[956]: 
The key's randomart image is:
[   30.672238] [cloud-init[0;32m  OK  [0m[956]: ] +---[RSA 2048]----+Started Deferred execution scheduler.

[   30.672655] cloud-init[956]: |*ooo o+o.o ...   |
[   30.756356]          cloud-initStarting LSB: Record successful boot for GRUB...[956]: 
| =*o=... .o   .  |
[   30.756776] cloud-init[956]: | +== o. o      . |
[   30.860599]          cloud-initStarting /etc/rc.local Compatibility...[956]: 
|+o+ + o+      . .|
[   30.916342]          cloud-initStarting Snappy daemon...[956]: 
|=B   oo.S . o  .+|
[   30.928584] cloud-init[956]: |* .    o . = . .o|
[   30.956759]          cloud-initStarting Login Service...[956]: 
|..          o .  |
[   30.988369]          cloud-initStarting Apply the settings specified in cloud-config...[956]: 
| E               |
         Starting Accounts Service...
[   31.036441] cloud-init[956]: |                 |
         Starting Pollinate to seed the pseudo random number generator...
[   31.078826] cloud-init[956]: +----[SHA256]-----+
[   31.113864] cloud-init[956]: Generating public/private dsa key pair.
[[0;32m  OK  [0m] Started Regular background program processing daemon.
[   31.151408] cloud-init[956]: Your identification has been saved in /etc/ssh/ssh_host_dsa_key.
[   31.232225] cloud-init[956]: Your public key has been saved in /etc/ssh/ssh_host_dsa_key.pub.
[[0;32m  OK  [0m] Started D-Bus System Message Bus.
[   31.267174] cloud-init[956]: The key fingerprint is:
[   31.293795] cloud-init[956]: SHA256:LMIUJpzWsPABenJ79ufsZXZqicLu6Q9LN/bPLGdlhUA root@ubuntu-xenial
         Starting System Logging Service...
[[0;32m  OK  [0m] Started Unattended Upgrades Shutdown.
[   31.354807] cloud-init[956]: The key's randomart image is:
[[0;32m  OK  [0m] Started FUSE filesystem for LXC.
[   31.423221] cloud-init[956]: +---[DSA 1024]----+
         Starting LXD - container startup/shutdown...
[   31.466822] cloud-init[956]: |oo++o      .E    |
[   31.492648] cloud-init[956]: |.o+=..      .    |
[   31.503316] cloud-init[956]: |o.= .        . . |
[[0;32m  OK  [0m] Started ACPI event daemon.
[   31.516545] cloud-init[956]: | + +   .      . .|
[   31.540373] cloud-init[956]: |  . = . S      . |
[   31.552205] cloud-init[956]: |   o o .      o  |
[   31.552329] cloud-init[956]: |     .+ =.+..o   |
[   31.552824] cloud-init[956]: |     .oX.*+=o    |
[   31.552872] cloud-init[956]: |     +*+=.o=+    |
[   31.552912] cloud-init[956]: +----[SHA256]-----+
[   31.553017] cloud-init[956]: Generating public/private ecdsa key pair.
[   31.553071] cloud-init[956]: Your identification has been saved in /etc/ssh/ssh_host_ecdsa_key.
[   31.553121] cloud-init[956]: Your public key has been saved in /etc/ssh/ssh_host_ecdsa_key.pub.
[   31.553168] cloud-init[956]: The key fingerprint is:
[   31.553216] cloud-init[956]: SHA256:LDKAyipUiwrlEXEJJTLELseavpVLLCwRzH072UxCeBQ root@ubuntu-xenial
[   31.553263] cloud-init[956]: The key's randomart image is:
[   31.553374] cloud-init[956]: +---[ECDSA 256]---+
[   31.553462] cloud-init[956]: |=.=+=E.          |
[   31.553520] cloud-init[956]: |o=.=o.           |
[   31.553570] cloud-init[956]: |+++o.o .         |
[   31.553616] cloud-init[956]: |+==oo B.         |
[   31.553665] cloud-init[956]: |=B..o+.oS        |
[   31.553710] cloud-init[956]: |O.. .o..         |
[   31.553757] cloud-init[956]: |*o =             |
[   31.553922] cloud-init[956]: |o.+ .            |
[   31.553973] cloud-init[956]: | ...             |
[   31.554013] cloud-init[956]: +----[SHA256]-----+
[   31.554051] cloud-init[956]: Generating public/private ed25519 key pair.
[   31.554147] cloud-init[956]: Your identification has been saved in /etc/ssh/ssh_host_ed25519_key.
[   31.554201] cloud-init[956]: Your public key has been saved in /etc/ssh/ssh_host_ed25519_key.pub.
[   31.554252] cloud-init[956]: The key fingerprint is:
[   31.554298] cloud-init[956]: SHA256:ifGFJ95QL3PlFQAIPKZkiHfo0rGr7xOfN8MDpyxQl6A root@ubuntu-xenial
[   31.554346] cloud-init[956]: The key's randomart image is:
[   31.554388] cloud-init[956]: +--[ED25519 256]--+
[   31.554430] cloud-init[956]: |  . o ... o...o.o|
[   31.554471] cloud-init[956]: | . * + + + . o . |
[   31.554517] cloud-init[956]: |  = B = = = o .  |
[   31.554591] cloud-init[956]: | E = + = B +     |
[   31.554654] cloud-init[956]: |  o o . S .      |
[   31.554687] cloud-init[956]: | . o . .         |
[   31.554764] cloud-init[956]: |  o + *          |
[   31.554810] cloud-init[956]: | . o = *         |
[   31.555594] cloud-init[956]: |  ooo . +        |
[   31.555651] cloud-init[956]: +----[SHA256]-----+
[[0;32m  OK  [0m] Started Snappy daemon.
[   31.600696] cloud-init[1084]: Generating locales (this might take a while)...
[[0;32m  OK  [0m] Started System Logging Service.
[[0;32m  OK  [0m] Started /etc/rc.local Compatibility.
[[0;32m  OK  [0m] Started Pollinate to seed the pseudo random number generator.
[[0;32m  OK  [0m] Started LXD - container startup/shutdown.
[[0;32m  OK  [0m] Started Login to default iSCSI targets.
[[0;32m  OK  [0m] Started LSB: MD monitoring daemon.
[[0;32m  OK  [0m] Started LSB: Record successful boot for GRUB.
[[0;32m  OK  [0m] Started Login Service.
         Starting Authenticate and Authorize Users to Run Privileged Tasks...
[[0;32m  OK  [0m] Reached target Remote File Systems (Pre).
[[0;32m  OK  [0m] Reached target Remote File Systems.
         Starting LSB: Set the CPU Frequency Scaling governor to "ondemand"...
         Starting Permit User Sessions...
         Starting LSB: automatic crash report generation...
         Starting LSB: daemon to balance interrupts for SMP systems...
         Starting LSB: VirtualBox Linux Additions...
         Starting OpenBSD Secure Shell server...
[[0;32m  OK  [0m] Started OpenBSD Secure Shell server.
[[0;32m  OK  [0m] Started Permit User Sessions.
[[0;32m  OK  [0m] Started Authenticate and Authorize Users to Run Privileged Tasks.
[[0;32m  OK  [0m] Started Accounts Service.
         Starting Terminate Plymouth Boot Screen...
         Starting Hold until boot process finishes up...
[[0;32m  OK  [0m] Started LSB: Set the CPU Frequency Scaling governor to "ondemand".
[   32.609840] cloud-init[1084]:   en_US.UTF-8... done
[   32.669611] cloud-init[1084]: Generation complete.
[[0;32m  OK  [0m] Started LSB: automatic crash report generation.
[[0;32m  OK  [0m] Started LSB: daemon to balance interrupts for SMP systems.
[[0;32m  OK  [0m] Started LSB: VirtualBox Linux Additions.
[   32.806214] cloud-init[1084]: Cloud-init v. 17.2 running 'modules:config' at Fri, 23 Mar 2018 08:12:08 +0000. Up 31.37 seconds.
[[0;32m  OK  [0m] Started Terminate Plymouth Boot Screen.
[[0;32m  OK  [0m] Started Hold until boot process finishes up.
[[0;32m  OK  [0m] Started Apply the settings specified in cloud-config.
[[0;32m  OK  [0m] Created slice User Slice of vagrant.
[[0;32m  OK  [0m] Started Session 1 of user vagrant.
         Starting User Manager for UID 1000...
         Starting Set console scheme...
[[0;32m  OK  [0m] Started Serial Getty on ttyS0.
[[0;32m  OK  [0m] Started Getty on tty1.
[[0;32m  OK  [0m] Reached target Login Prompts.
[[0;32m  OK  [0m] Reached target Multi-User System.
[[0;32m  OK  [0m] Reached target Graphical Interface.
         Starting Update UTMP about System Runlevel Changes...
         Starting Execute cloud user/final scripts...
[[0;32m  OK  [0m] Started User Manager for UID 1000.
[[0;32m  OK  [0m] Started Set console scheme.
[[0;32m  OK  [0m] Started Update UTMP about System Runlevel Changes.
ci-info: no authorized ssh keys fingerprints found for user ubuntu.
<14>Mar 23 08:12:11 ec2: 
<14>Mar 23 08:12:11 ec2: #############################################################
<14>Mar 23 08:12:11 ec2: -----BEGIN SSH HOST KEY FINGERPRINTS-----
<14>Mar 23 08:12:11 ec2: 1024 SHA256:LMIUJpzWsPABenJ79ufsZXZqicLu6Q9LN/bPLGdlhUA root@ubuntu-xenial (DSA)
<14>Mar 23 08:12:11 ec2: 256 SHA256:LDKAyipUiwrlEXEJJTLELseavpVLLCwRzH072UxCeBQ root@ubuntu-xenial (ECDSA)
<14>Mar 23 08:12:11 ec2: 256 SHA256:ifGFJ95QL3PlFQAIPKZkiHfo0rGr7xOfN8MDpyxQl6A root@ubuntu-xenial (ED25519)
<14>Mar 23 08:12:11 ec2: 2048 SHA256:0KmHd2fOXXdJADKApRSy/I0k6JPRIc3CA9Cug7EUK+o root@ubuntu-xenial (RSA)
<14>Mar 23 08:12:11 ec2: -----END SSH HOST KEY FINGERPRINTS-----
<14>Mar 23 08:12:11 ec2: #############################################################
-----BEGIN SSH HOST KEY KEYS-----
ecdsa-sha2-nistp256 AAAAE2VjZHNhLXNoYTItbmlzdHAyNTYAAAAIbmlzdHAyNTYAAABBBMYaYK+MfWnE5etzMm1r81wYfIpP5H4WSOQuVhOykAELARVNCH06lCSh0lMZXVDZoA22xd1IjVllYEJQg8GiubY= root@ubuntu-xenial
ssh-ed25519 AAAAC3NzaC1lZDI1NTE5AAAAIEgeXMefS95moSI4wnUs17TVwi29Fn9yDrR/HNH8qxke root@ubuntu-xenial
ssh-rsa AAAAB3NzaC1yc2EAAAADAQABAAABAQDFAGmI5T72iW2YVK0jyY3rUGGd4zKqrux2vsJdbyCxmOG1noB8eSZD2rg7/rwGOHcr3exEo24lm+8JpZDmhsVkyekW28I8tm12FY8IoPqUjmNXeYW1Iwo2Mk5BzKDWOtBspzxSfh80ByaA2qtIk2iyzANPK29qWmZ+7+7oalziksKGAwE07sYcifEym7Z9SXGmadvTsTFlIj3/OxPnXfuNccggcY49JctL2JsLfIFlUhUr2CC11bm1s0G92rWWozb9HkwlWU7k5yJrCOdxMjma9eoygqvtO+yH7slQBqGu53rIrDtzJdCDpOhtGHxeIcp3OtBteHY+Nrowgk5/OWsx root@ubuntu-xenial
-----END SSH HOST KEY KEYS-----
[   34.016401] cloud-init[1317]: Cloud-init v. 17.2 running 'modules:final' at Fri, 23 Mar 2018 08:12:11 +0000. Up 33.63 seconds.
[   34.025179] cloud-init[1317]: ci-info: no authorized ssh keys fingerprints found for user ubuntu.
[   34.048748] cloud-init[1317]: Cloud-init v. 17.2 finished at Fri, 23 Mar 2018 08:12:11 +0000. Datasource DataSourceNoCloud [seed=/dev/sdb][dsmode=net].  Up 34.00 seconds
[[0;32m  OK  [0m] Started Execute cloud user/final scripts.
[[0;32m  OK  [0m] Reached target Cloud-init target.

Ubuntu 16.04.4 LTS ubuntu-xenial ttyS0

ubuntu-xenial login: 